<?xml version="1.0" encoding="UTF-8"?>
<!-- Generated by org.testng.reporters.JUnitReportReporter -->
<testsuite hostname="DESKTOP-EUGJQQR" failures="0" tests="3" name="com.orangehrm.tests.OrangeHRMTest" time="19.422" errors="0" timestamp="2025-04-05T08:55:51 IST" skipped="0">
  <testcase classname="com.orangehrm.tests.OrangeHRMTest" name="loginTest" time="2.386"/>
  <testcase classname="com.orangehrm.tests.OrangeHRMTest" name="addEmployeesTest" time="10.109"/>
  <testcase classname="com.orangehrm.tests.OrangeHRMTest" name="verifyEmployeesTest" time="6.927"/>
</testsuite> <!-- com.orangehrm.tests.OrangeHRMTest -->
